[debug] [2023-02-03T16:55:55.013Z] ----------------------------------------------------------------------
[debug] [2023-02-03T16:55:55.015Z] Command:       /usr/local/bin/node /usr/local/bin/firebase deploy
[debug] [2023-02-03T16:55:55.015Z] CLI Version:   11.20.0
[debug] [2023-02-03T16:55:55.015Z] Platform:      darwin
[debug] [2023-02-03T16:55:55.015Z] Node Version:  v14.21.2
[debug] [2023-02-03T16:55:55.017Z] Time:          Fri Feb 03 2023 22:25:55 GMT+0530 (India Standard Time)
[debug] [2023-02-03T16:55:55.017Z] ----------------------------------------------------------------------
[debug] 
[debug] [2023-02-03T16:55:55.022Z] >>> [apiv2][query] GET https://firebase-public.firebaseio.com/cli.json [none]
[debug] [2023-02-03T16:55:55.087Z] > command requires scopes: ["email","openid","https://www.googleapis.com/auth/cloudplatformprojects.readonly","https://www.googleapis.com/auth/firebase","https://www.googleapis.com/auth/cloud-platform"]
[debug] [2023-02-03T16:55:55.087Z] > authorizing via signed-in user (naveen9715568487@gmail.com)
[debug] [2023-02-03T16:55:55.087Z] [iam] checking project naveenkumarmd for permissions ["firebase.projects.get","firebasehosting.sites.update"]
[debug] [2023-02-03T16:55:55.087Z] > refreshing access token with scopes: []
[debug] [2023-02-03T16:55:55.088Z] >>> [apiv2][query] POST https://www.googleapis.com/oauth2/v3/token [none]
[debug] [2023-02-03T16:55:55.088Z] >>> [apiv2][body] POST https://www.googleapis.com/oauth2/v3/token [omitted]
[debug] [2023-02-03T16:55:56.699Z] <<< [apiv2][status] POST https://www.googleapis.com/oauth2/v3/token 200
[debug] [2023-02-03T16:55:56.699Z] <<< [apiv2][body] POST https://www.googleapis.com/oauth2/v3/token [omitted]
[debug] [2023-02-03T16:55:56.714Z] >>> [apiv2][query] POST https://cloudresourcemanager.googleapis.com/v1/projects/naveenkumarmd:testIamPermissions [none]
[debug] [2023-02-03T16:55:56.715Z] >>> [apiv2][(partial)header] POST https://cloudresourcemanager.googleapis.com/v1/projects/naveenkumarmd:testIamPermissions x-goog-quota-user=projects/naveenkumarmd
[debug] [2023-02-03T16:55:56.715Z] >>> [apiv2][body] POST https://cloudresourcemanager.googleapis.com/v1/projects/naveenkumarmd:testIamPermissions {"permissions":["firebase.projects.get","firebasehosting.sites.update"]}
[debug] [2023-02-03T16:55:57.311Z] <<< [apiv2][status] GET https://firebase-public.firebaseio.com/cli.json 200
[debug] [2023-02-03T16:55:57.312Z] <<< [apiv2][body] GET https://firebase-public.firebaseio.com/cli.json {"cloudBuildErrorAfter":1594252800000,"cloudBuildWarnAfter":1590019200000,"defaultNode10After":1594252800000,"minVersion":"3.0.5","node8DeploysDisabledAfter":1613390400000,"node8RuntimeDisabledAfter":1615809600000,"node8WarnAfter":1600128000000}
[debug] [2023-02-03T16:56:00.488Z] <<< [apiv2][status] POST https://cloudresourcemanager.googleapis.com/v1/projects/naveenkumarmd:testIamPermissions 200
[debug] [2023-02-03T16:56:00.488Z] <<< [apiv2][body] POST https://cloudresourcemanager.googleapis.com/v1/projects/naveenkumarmd:testIamPermissions {"permissions":["firebase.projects.get","firebasehosting.sites.update"]}
[debug] [2023-02-03T16:56:00.491Z] >>> [apiv2][query] GET https://firebase.googleapis.com/v1beta1/projects/naveenkumarmd [none]
[debug] [2023-02-03T16:56:01.528Z] <<< [apiv2][status] GET https://firebase.googleapis.com/v1beta1/projects/naveenkumarmd 200
[debug] [2023-02-03T16:56:01.529Z] <<< [apiv2][body] GET https://firebase.googleapis.com/v1beta1/projects/naveenkumarmd {"projectId":"naveenkumarmd","projectNumber":"306341023957","displayName":"naveenkumarmd","name":"projects/naveenkumarmd","resources":{"hostingSite":"naveenkumarmd"},"state":"ACTIVE","etag":"1_09509a8f-7234-42c0-a3d5-27a00c00da82"}
[info] 
[info] === Deploying to 'naveenkumarmd'...
[info] 
[info] i  deploying hosting 
[debug] [2023-02-03T16:56:01.543Z] >>> [apiv2][query] POST https://firebasehosting.googleapis.com/v1beta1/projects/-/sites/naveenkumarmd/versions [none]
[debug] [2023-02-03T16:56:01.543Z] >>> [apiv2][body] POST https://firebasehosting.googleapis.com/v1beta1/projects/-/sites/naveenkumarmd/versions {"status":"CREATED","labels":{"deployment-tool":"cli-firebase"}}
[debug] [2023-02-03T16:56:03.552Z] <<< [apiv2][status] POST https://firebasehosting.googleapis.com/v1beta1/projects/-/sites/naveenkumarmd/versions 200
[debug] [2023-02-03T16:56:03.553Z] <<< [apiv2][body] POST https://firebasehosting.googleapis.com/v1beta1/projects/-/sites/naveenkumarmd/versions {"name":"projects/306341023957/sites/naveenkumarmd/versions/3dd126375a9b3e85","status":"CREATED","config":{},"labels":{"deployment-tool":"cli-firebase"}}
[info] i  hosting[naveenkumarmd]: beginning deploy... 
[info] i  hosting[naveenkumarmd]: found 58 files in build 
[debug] [2023-02-03T16:56:03.589Z] [hosting] uploading with 200 concurrency
[debug] [2023-02-03T16:56:05.008Z] [hosting] hash cache [YnVpbGQ] stored for 58 files
[debug] [2023-02-03T16:56:05.009Z] [hosting][hash queue][FINAL] {"max":1407,"min":10,"avg":49,"active":0,"complete":58,"success":58,"errored":0,"retried":0,"total":58,"elapsed":1415}
[debug] [2023-02-03T16:56:05.010Z] >>> [apiv2][query] POST https://firebasehosting.googleapis.com/v1beta1/projects/306341023957/sites/naveenkumarmd/versions/3dd126375a9b3e85:populateFiles [none]
[debug] [2023-02-03T16:56:05.010Z] >>> [apiv2][body] POST https://firebasehosting.googleapis.com/v1beta1/projects/306341023957/sites/naveenkumarmd/versions/3dd126375a9b3e85:populateFiles {"files":{"/static/media/16.31d6cfe0d16ae931b73c.md":"f1b651238a58fe290baec6c5e32f3bdb1943dd2bd582f02569231f7a757c7837","/index.html":"a97937a69ddb6a13cd10bdb27a98e68603f4e8a49de240fccf5766760f02be3e","/asset-manifest.json":"c6795864672f687bcb4135f5862a23d6e3b231913df05ffc10f67460b464f5ac","/manifest.json":"341d52628782f8ac9290bbfc43298afccb47b7cbfcee146ae30cf0f46bc30900","/logo.svg":"5f8c1b900cee6cd65e7d829dbc38e634f73c03da2cdc739573fe3c09004ce443","/static/js/16.0cbc9ae2.chunk.js":"b2d12bfc69384c59be33fb869f7cd486c19711d300360e0dbdeae8842355a114","/static/js/271.fb29aa34.chunk.js":"2563587316922c968d505f6058ee596570c955676c8b75aad3d0ee7e678bd6f4","/static/js/279.2904414a.chunk.js":"ea1f4663adbf2d58a165f28f6030e42f701fc8ae29b0c528c15a974f93842b46","/favicon.ico":"b72f7455f00e4e58792d2bca892abb068e2213838c0316d6b7a0d6d16acd1955","/static/js/314.a6295fdb.chunk.js":"d1674463769afc822698088bfb902a47969c1994b02ce73fead07d465f5955d0","/static/js/366.6e64b864.chunk.js":"9cb79aea7118054732e92519118ec94c5dc5c43f1dbf78ac6e11e3b61b26cc93","/static/js/310.156a10db.chunk.js":"dc7a6bc71c1cfb6293a4db8c94c2bb24ad15ca90004f004ffc812620c0853c6d","/static/js/387.a6d05744.chunk.js":"3ac88824a1349a699a37d3e58092e96affaaba4768dd944519341ab13e00ff5e","/static/js/444.149b0d40.chunk.js":"3e0e760dc61291951e0b5645dde51594c1d66e8fffff2e35e80e4725f8973047","/static/js/499.5c3b0936.chunk.js":"a977c6ee2eb9282afa6c9ae05ad663d6cf31bc17a9ba363be7f48508b1ed9d9b","/static/js/518.c1371bf3.chunk.js":"d4d0bfe0dbe02c394b261a709fa58a3ab937a8ea558268f8c544667ecf66a855","/static/js/561.ec47230f.chunk.js":"4f0d2a918c95b750ba3e2e5834a78e2ab8202f27c1de6c0158144fc38d7fa1d4","/static/js/625.66fcbda7.chunk.js":"80a7439af1ebd6e8eca5e751099e608a419c0102185c843829a9f6a7b3c6d769","/static/js/668.ee3ed510.chunk.js":"078e66cf7f0d46926d29b58eb2cf868247fc38d60b6535d6f8609332e091e945","/static/js/703.cb642143.chunk.js":"0c837fa323162168e7fbfbb69f10822bc0779c2cb9b137c5ec886d6132b2b661","/static/js/730.66b7307f.chunk.js":"6438ddffc52140a9d42cb02254417c07b71cad874144cf343f3b1e5ed7b76ac9","/static/js/767.27e0c3d0.chunk.js":"48d6573854fb212a99d953957686ff2da04d70cd1ff2ee0d53dfcc097b090324","/static/js/88.f8a80c37.chunk.js":"b1f2243ac2d08157050370fe12112ae8de799ecd24cac9fc040c372e20962e10","/static/js/979.bd179a32.chunk.js":"c125021ef7af4f9354044e725dd159ba1d71b826366d0a24ceab80343ad4f51c","/static/js/main.54317cdb.js.LICENSE.txt":"66faa7388c4a3f902b3179e32bef7a5917235146c9187ad62669bd5093a99ce5","/logo192.png":"caff018b7f1e8fd481eb1c50d75b0ef236bcd5078b1d15c8bb348453fee30293","/static/css/main.a4207c22.css":"9dac26e73c302905b007246500b15a1231dee442aab131632c4f862c88a0fdee","/robots.txt":"391d14b3c2f8c9143a27a28c7399585142228d4d1bdbe2c87ac946de411fa9a2","/static/media/1.dcad52fa2dc3f2b84bdd.md":"429563353a6d479210f2a71a95f2dcabd27eb805c75bf28b17e5041592e84bc2","/static/media/10.eb024afaae4b3d9646aa.md":"26fc001dc2af3c30877002dc6d88cf00511a402c7fbef9e61565b30bf59d4422","/static/media/11.a20f033a66769e383ffe.md":"4a94b5cf2e82df09b56ec872895ae1df01f33d70a1809c3549103358a20d293f","/static/media/12.416ab1f4c82e1ddc2bd5.md":"cb7bdb3901a9471f822665b3fabe59f38e080f7f8e3349d512f60cdc162196a7","/static/media/13.5313bd07ebd16b2d44c0.md":"293e1e4a760d47b798271781d9f4d6e6550de6802256d6100a928b307ad22c21","/logo512.png":"191fc21360b4ccfb1cda11a1efb97f489ed22672ca83f4064316802bbfdd750e","/static/media/14.e200eae7069bf7c46395.md":"308d3d66b03dfb77936fd33af8e28492983295b9b3f1c1f4d0ee072be8055590","/static/media/15.d8b62e600748da5f60f8.md":"562ff2a613f1d17102eadcac97ff517dfcf740fc3a57107f4854c8d81e1a8a84","/static/media/17.ad9e8a0fbc0f9ba62ead.md":"e5cf8e3667aa34297784b0879bb3a0033059b6bd3be20ea50bb8f2678a89e65c","/static/media/18.d40b7326dad511a4acfa.md":"eabbd8f76b4859b5bc00e117726cecea1883d18736ade59f89d368da097b05ab","/static/media/3.06d3abfb70e1279cd02a.md":"92dd062fa44727155e442d1d6025840884260b99483925680965fcfffa848e73","/static/media/4.afcfbc9b7591d1394088.md":"badfff0682c57126413c51cfa33b1d6c9fbe883f0ce39116243e7100b41b4fc9","/static/media/2.d3b36492282c1b551b94.md":"337c8592c925fd43336861163a4c3cb9b916af968bceab6b69399c5cf0c6ce2b","/static/media/5.fb31975aeb1bffbb07fc.md":"1592cd636914cdc6ca3bea2f582f671a495532450f0734a9c7a4d810c5b8028b","/static/media/7.419762063c1e378cbc2e.md":"c86e43d569637f61e6832933711c66fa5eeb849a30fd9a3489b7ca92dc3623f1","/static/media/8.6d5072a5c16df1a76828.md":"fe1ef4067cb6be6ff9377fdce5676ce86757e1af5155672f1a1beff8c590443f","/static/media/6.d91ce38e95349f9290ac.md":"03acdf8475cfabd94dcd634d544812b3e045a3420ebf048e34e94030baa87bc7","/static/media/9.0653e16ae7854c7fe860.md":"db27115a8ae84c36c3356330378d0c774df3dc0c1c8dcea9af8d05ee81c99043","/static/css/main.a4207c22.css.map":"f178799025b2c17854354972ec2fac3b1cb2902878a9a5e8644bcedfde23b013","/static/media/logo.f966395177b890725bb72d448e2cbdce.svg":"5f8c1b900cee6cd65e7d829dbc38e634f73c03da2cdc739573fe3c09004ce443","/static/media/one.9ea3bb9dacfa5efc16bc.jpg":"c7bf5ba62751516e0047b377f2aeceb2c41bc20752cd6e96cfc956edbea65ce7","/static/media/five.568743982a6fa61a2c13.jpg":"2c4efe7166bdb5aba39ed360a479549e84cc908f563468b3905222f9da452441","/static/media/three.e26e6ac8d4e1077c4562.jpg":"be37cc8fabf1e008ee3411ec57d4c93659d3fcf5fde5e6f0d73401f65d9ac70b","/static/media/four.6cb1aca49b929e34d6bd.jpg":"1478ad0b6ff5a858e08efbd3d04af94219ed3d2599ad888e3227ebeb247b9248","/static/media/two.92a054c93e96d90c601a.jpg":"c4b77d830d1af38a8c9d2bc7366dee18741cc1d61e4154a925e22b1d813d980e","/static/js/main.54317cdb.js":"ee70254fa5d2d21b9e869c1c576d2dbb442ffb54ebe9c803823eee5ef4585f94","/static/media/pic.600309016448b8351063.jpg":"59bd1e6f9579fc7f19d4d0b04fbb7e8365573c0080ff1a68fd338ebea5b17531","/static/media/resume.748549f1691ef071d161057a90c26c6e.svg":"4dd0f2a04c1e33d84ab3904efe97cd3184c1e4064f5ea30588a1d1e5f01ba314","/static/media/resume.0afdc32c3d738ef6858c.pdf":"678e46812ddb787942482af661ef111bc4a8dca4dbc3d902af210ea05f146686","/static/js/main.54317cdb.js.map":"ed352cf6f795a752ff3a260c6010f7d9a95e904c2c6907e87faa042f3e3b966d"}}
[debug] [2023-02-03T16:56:06.432Z] <<< [apiv2][status] POST https://firebasehosting.googleapis.com/v1beta1/projects/306341023957/sites/naveenkumarmd/versions/3dd126375a9b3e85:populateFiles 200
[debug] [2023-02-03T16:56:06.435Z] <<< [apiv2][body] POST https://firebasehosting.googleapis.com/v1beta1/projects/306341023957/sites/naveenkumarmd/versions/3dd126375a9b3e85:populateFiles {"uploadRequiredHashes":["f178799025b2c17854354972ec2fac3b1cb2902878a9a5e8644bcedfde23b013","9dac26e73c302905b007246500b15a1231dee442aab131632c4f862c88a0fdee","ee70254fa5d2d21b9e869c1c576d2dbb442ffb54ebe9c803823eee5ef4585f94","c6795864672f687bcb4135f5862a23d6e3b231913df05ffc10f67460b464f5ac","a97937a69ddb6a13cd10bdb27a98e68603f4e8a49de240fccf5766760f02be3e","ed352cf6f795a752ff3a260c6010f7d9a95e904c2c6907e87faa042f3e3b966d"],"uploadUrl":"https://upload-firebasehosting.googleapis.com/upload/sites/naveenkumarmd/versions/3dd126375a9b3e85/files"}
[debug] [2023-02-03T16:56:06.446Z] >>> [apiv2][query] POST https://upload-firebasehosting.googleapis.com/upload/sites/naveenkumarmd/versions/3dd126375a9b3e85/files/f178799025b2c17854354972ec2fac3b1cb2902878a9a5e8644bcedfde23b013 [none]
[debug] [2023-02-03T16:56:06.446Z] >>> [apiv2][body] POST https://upload-firebasehosting.googleapis.com/upload/sites/naveenkumarmd/versions/3dd126375a9b3e85/files/f178799025b2c17854354972ec2fac3b1cb2902878a9a5e8644bcedfde23b013 [stream]
[debug] [2023-02-03T16:56:06.458Z] >>> [apiv2][query] POST https://upload-firebasehosting.googleapis.com/upload/sites/naveenkumarmd/versions/3dd126375a9b3e85/files/9dac26e73c302905b007246500b15a1231dee442aab131632c4f862c88a0fdee [none]
[debug] [2023-02-03T16:56:06.458Z] >>> [apiv2][body] POST https://upload-firebasehosting.googleapis.com/upload/sites/naveenkumarmd/versions/3dd126375a9b3e85/files/9dac26e73c302905b007246500b15a1231dee442aab131632c4f862c88a0fdee [stream]
[debug] [2023-02-03T16:56:06.460Z] >>> [apiv2][query] POST https://upload-firebasehosting.googleapis.com/upload/sites/naveenkumarmd/versions/3dd126375a9b3e85/files/ee70254fa5d2d21b9e869c1c576d2dbb442ffb54ebe9c803823eee5ef4585f94 [none]
[debug] [2023-02-03T16:56:06.461Z] >>> [apiv2][body] POST https://upload-firebasehosting.googleapis.com/upload/sites/naveenkumarmd/versions/3dd126375a9b3e85/files/ee70254fa5d2d21b9e869c1c576d2dbb442ffb54ebe9c803823eee5ef4585f94 [stream]
[debug] [2023-02-03T16:56:06.462Z] >>> [apiv2][query] POST https://upload-firebasehosting.googleapis.com/upload/sites/naveenkumarmd/versions/3dd126375a9b3e85/files/c6795864672f687bcb4135f5862a23d6e3b231913df05ffc10f67460b464f5ac [none]
[debug] [2023-02-03T16:56:06.462Z] >>> [apiv2][body] POST https://upload-firebasehosting.googleapis.com/upload/sites/naveenkumarmd/versions/3dd126375a9b3e85/files/c6795864672f687bcb4135f5862a23d6e3b231913df05ffc10f67460b464f5ac [stream]
[debug] [2023-02-03T16:56:06.463Z] >>> [apiv2][query] POST https://upload-firebasehosting.googleapis.com/upload/sites/naveenkumarmd/versions/3dd126375a9b3e85/files/a97937a69ddb6a13cd10bdb27a98e68603f4e8a49de240fccf5766760f02be3e [none]
[debug] [2023-02-03T16:56:06.463Z] >>> [apiv2][body] POST https://upload-firebasehosting.googleapis.com/upload/sites/naveenkumarmd/versions/3dd126375a9b3e85/files/a97937a69ddb6a13cd10bdb27a98e68603f4e8a49de240fccf5766760f02be3e [stream]
[debug] [2023-02-03T16:56:06.465Z] >>> [apiv2][query] POST https://upload-firebasehosting.googleapis.com/upload/sites/naveenkumarmd/versions/3dd126375a9b3e85/files/ed352cf6f795a752ff3a260c6010f7d9a95e904c2c6907e87faa042f3e3b966d [none]
[debug] [2023-02-03T16:56:06.465Z] >>> [apiv2][body] POST https://upload-firebasehosting.googleapis.com/upload/sites/naveenkumarmd/versions/3dd126375a9b3e85/files/ed352cf6f795a752ff3a260c6010f7d9a95e904c2c6907e87faa042f3e3b966d [stream]
[debug] [2023-02-03T16:56:06.466Z] [hosting][populate queue][FINAL] {"max":1439,"min":1439,"avg":1439,"active":0,"complete":1,"success":1,"errored":0,"retried":0,"total":1,"elapsed":1460}
[debug] [2023-02-03T16:56:06.467Z] [hosting] uploads queued: 6
[debug] [2023-02-03T16:56:09.129Z] <<< [apiv2][status] POST https://upload-firebasehosting.googleapis.com/upload/sites/naveenkumarmd/versions/3dd126375a9b3e85/files/9dac26e73c302905b007246500b15a1231dee442aab131632c4f862c88a0fdee 200
[debug] [2023-02-03T16:56:09.129Z] <<< [apiv2][body] POST https://upload-firebasehosting.googleapis.com/upload/sites/naveenkumarmd/versions/3dd126375a9b3e85/files/9dac26e73c302905b007246500b15a1231dee442aab131632c4f862c88a0fdee [stream]
[debug] [2023-02-03T16:56:10.467Z] <<< [apiv2][status] POST https://upload-firebasehosting.googleapis.com/upload/sites/naveenkumarmd/versions/3dd126375a9b3e85/files/c6795864672f687bcb4135f5862a23d6e3b231913df05ffc10f67460b464f5ac 200
[debug] [2023-02-03T16:56:10.467Z] <<< [apiv2][body] POST https://upload-firebasehosting.googleapis.com/upload/sites/naveenkumarmd/versions/3dd126375a9b3e85/files/c6795864672f687bcb4135f5862a23d6e3b231913df05ffc10f67460b464f5ac [stream]
[debug] [2023-02-03T16:56:12.661Z] <<< [apiv2][status] POST https://upload-firebasehosting.googleapis.com/upload/sites/naveenkumarmd/versions/3dd126375a9b3e85/files/a97937a69ddb6a13cd10bdb27a98e68603f4e8a49de240fccf5766760f02be3e 200
[debug] [2023-02-03T16:56:12.661Z] <<< [apiv2][body] POST https://upload-firebasehosting.googleapis.com/upload/sites/naveenkumarmd/versions/3dd126375a9b3e85/files/a97937a69ddb6a13cd10bdb27a98e68603f4e8a49de240fccf5766760f02be3e [stream]
[debug] [2023-02-03T16:56:12.796Z] <<< [apiv2][status] POST https://upload-firebasehosting.googleapis.com/upload/sites/naveenkumarmd/versions/3dd126375a9b3e85/files/f178799025b2c17854354972ec2fac3b1cb2902878a9a5e8644bcedfde23b013 200
[debug] [2023-02-03T16:56:12.796Z] <<< [apiv2][body] POST https://upload-firebasehosting.googleapis.com/upload/sites/naveenkumarmd/versions/3dd126375a9b3e85/files/f178799025b2c17854354972ec2fac3b1cb2902878a9a5e8644bcedfde23b013 [stream]
[debug] [2023-02-03T16:56:21.997Z] <<< [apiv2][status] POST https://upload-firebasehosting.googleapis.com/upload/sites/naveenkumarmd/versions/3dd126375a9b3e85/files/ee70254fa5d2d21b9e869c1c576d2dbb442ffb54ebe9c803823eee5ef4585f94 200
[debug] [2023-02-03T16:56:21.999Z] <<< [apiv2][body] POST https://upload-firebasehosting.googleapis.com/upload/sites/naveenkumarmd/versions/3dd126375a9b3e85/files/ee70254fa5d2d21b9e869c1c576d2dbb442ffb54ebe9c803823eee5ef4585f94 [stream]
